<?xml version="1.0" encoding="UTF-8"?>
<!-- Generated by org.testng.reporters.JUnitReportReporter -->
<testsuite hostname="DESKTOP-Ayesha" failures="0" tests="1" name="Sprint_5_Negative.a_EcommerceAllActions" time="41.250" errors="0" timestamp="2024-09-18T14:36:32 IST" skipped="0">
  <testcase classname="Sprint_5_Negative.a_EcommerceAllActions" name="ECommerce_Transactions_NegativeTest" time="41.250"/>
  <system-out/>
</testsuite> <!-- Sprint_5_Negative.a_EcommerceAllActions -->
