<?xml version="1.0" encoding="UTF-8"?>
<!-- Generated by org.testng.reporters.JUnitReportReporter -->
<testsuite hostname="DESKTOP-Ayesha" failures="0" tests="1" name="Sprint_6_Positive_Negative.b_UsersAllActions" time="443.772" errors="0" timestamp="2024-09-12T12:48:45 IST" skipped="0">
  <testcase classname="Sprint_6_Positive_Negative.b_UsersAllActions" name="userAllActionsTest" time="443.772"/>
  <system-out/>
</testsuite> <!-- Sprint_6_Positive_Negative.b_UsersAllActions -->
