<?xml version="1.0" encoding="UTF-8"?>
<!-- Generated by org.testng.reporters.JUnitReportReporter -->
<testsuite hostname="DESKTOP-Ayesha" failures="0" tests="1" name="Sprint_8_Positive.RedeemGoldUsers" time="337.264" errors="0" timestamp="2024-08-31T16:58:11 IST" skipped="0">
  <testcase classname="Sprint_8_Positive.RedeemGoldUsers" name="RedeemGoldUsers" time="337.264"/>
  <system-out/>
</testsuite> <!-- Sprint_8_Positive.RedeemGoldUsers -->
