<?xml version="1.0" encoding="UTF-8"?>
<!-- Generated by org.testng.reporters.JUnitReportReporter -->
<testsuite hostname="DESKTOP-Ayesha" failures="0" tests="1" name="Sprint_6_Positive_Negative.c_NotificationAllActions" time="114.791" errors="0" timestamp="2024-09-12T13:01:57 IST" skipped="0">
  <testcase classname="Sprint_6_Positive_Negative.c_NotificationAllActions" name="notificationsAllActionsTest" time="114.791"/>
  <system-out/>
</testsuite> <!-- Sprint_6_Positive_Negative.c_NotificationAllActions -->
