<?xml version="1.0" encoding="UTF-8"?>
<!-- Generated by org.testng.reporters.JUnitReportReporter -->
<testsuite hostname="DESKTOP-Ayesha" failures="0" tests="1" name="Sprint_6_Positive_Negative.e_TradingAllActions" time="61.879" errors="0" timestamp="2024-09-12T14:32:43 IST" skipped="0">
  <testcase classname="Sprint_6_Positive_Negative.e_TradingAllActions" name="TradingAllActionsTest" time="61.879"/>
  <system-out/>
</testsuite> <!-- Sprint_6_Positive_Negative.e_TradingAllActions -->
