<?xml version="1.0" encoding="UTF-8"?>
<!-- Generated by org.testng.reporters.JUnitReportReporter -->
<testsuite hostname="DESKTOP-Ayesha" failures="0" tests="1" name="Sprint_7_Positive.d_MatrikaLoginAndCheckingProductDeleted" time="35.300" errors="0" timestamp="2024-09-12T15:09:26 IST" skipped="0">
  <testcase classname="Sprint_7_Positive.d_MatrikaLoginAndCheckingProductDeleted" name="b_loginToMatrikaAndCheckingProductDeletedOrNotTest" time="35.300"/>
  <system-out/>
</testsuite> <!-- Sprint_7_Positive.d_MatrikaLoginAndCheckingProductDeleted -->
