<?xml version="1.0" encoding="UTF-8"?>
<!-- Generated by org.testng.reporters.JUnitReportReporter -->
<testsuite hostname="DESKTOP-Ayesha" failures="0" tests="1" name="Sprint_7_Positive.b_MatrikaLoginAndCheckingProductAvailable" time="32.700" errors="0" timestamp="2024-08-31T13:14:48 IST" skipped="0">
  <testcase classname="Sprint_7_Positive.b_MatrikaLoginAndCheckingProductAvailable" name="b_loginToMatrikaAndCheckingProductIsAvailabilityTest" time="32.700"/>
  <system-out/>
</testsuite> <!-- Sprint_7_Positive.b_MatrikaLoginAndCheckingProductAvailable -->
