<?xml version="1.0" encoding="UTF-8"?>
<!-- Generated by org.testng.reporters.JUnitReportReporter -->
<testsuite hostname="DESKTOP-Ayesha" failures="0" tests="1" name="Sprint_6_Positive_Negative.a_DashboardAllActions" time="53.652" errors="0" timestamp="2024-09-06T10:38:49 IST" skipped="0">
  <testcase classname="Sprint_6_Positive_Negative.a_DashboardAllActions" name="dashboardTransactionReportsTest" time="53.652"/>
  <system-out/>
</testsuite> <!-- Sprint_6_Positive_Negative.a_DashboardAllActions -->
