<?xml version="1.0" encoding="UTF-8"?>
<!-- Generated by org.testng.reporters.JUnitReportReporter -->
<testsuite hostname="DESKTOP-Ayesha" failures="0" tests="1" name="Sprint_7_Positive.f_CheckingGiftCardInMatrika" time="30.875" errors="0" timestamp="2024-09-18T14:22:41 IST" skipped="0">
  <testcase classname="Sprint_7_Positive.f_CheckingGiftCardInMatrika" name="b_checkingGiftCardInMatrikaTest" time="30.875"/>
  <system-out/>
</testsuite> <!-- Sprint_7_Positive.f_CheckingGiftCardInMatrika -->
