<?xml version="1.0" encoding="UTF-8"?>
<!-- Generated by org.testng.reporters.JUnitReportReporter -->
<testsuite hostname="DESKTOP-Ayesha" failures="0" tests="1" name="Sprint_11_Positive.RoleBasedLogin" time="121.815" errors="0" timestamp="2024-09-20T10:41:13 IST" skipped="0">
  <testcase classname="Sprint_11_Positive.RoleBasedLogin" name="RoleBasedLogin" time="121.815"/>
  <system-out/>
</testsuite> <!-- Sprint_11_Positive.RoleBasedLogin -->
