<?xml version="1.0" encoding="UTF-8"?>
<!-- Generated by org.testng.reporters.JUnitReportReporter -->
<testsuite hostname="DESKTOP-Ayesha" failures="0" tests="1" name="Sprint_6_Positive_Negative.f_EventsAllActions" time="66.920" errors="0" timestamp="2024-09-12T14:37:28 IST" skipped="0">
  <testcase classname="Sprint_6_Positive_Negative.f_EventsAllActions" name="eventsAllActionsTest" time="66.920"/>
  <system-out/>
</testsuite> <!-- Sprint_6_Positive_Negative.f_EventsAllActions -->
