<?xml version="1.0" encoding="UTF-8"?>
<!-- Generated by org.testng.reporters.JUnitReportReporter -->
<testsuite hostname="DESKTOP-Ayesha" failures="0" tests="1" name="Sprint_11_Positive.NewFmsUser" time="42.168" errors="0" timestamp="2024-09-05T10:37:49 IST" skipped="0">
  <testcase classname="Sprint_11_Positive.NewFmsUser" name="NewUser" time="42.168"/>
  <system-out/>
</testsuite> <!-- Sprint_11_Positive.NewFmsUser -->
