<?xml version="1.0" encoding="UTF-8"?>
<!-- Generated by org.testng.reporters.JUnitReportReporter -->
<testsuite hostname="DESKTOP-Ayesha" failures="0" tests="1" name="Sprint_6_Positive_Negative.d_TransactionsAllActions" time="201.930" errors="0" timestamp="2024-09-12T14:29:12 IST" skipped="0">
  <testcase classname="Sprint_6_Positive_Negative.d_TransactionsAllActions" name="TransactionsAllActionsTest" time="201.930"/>
  <system-out/>
</testsuite> <!-- Sprint_6_Positive_Negative.d_TransactionsAllActions -->
