<?xml version="1.0" encoding="UTF-8"?>
<!-- Generated by org.testng.reporters.JUnitReportReporter -->
<testsuite hostname="DESKTOP-Ayesha" failures="0" tests="1" name="Sprint_11_Negative.Schemes_FmsUsersModules" time="593.866" errors="0" timestamp="2024-09-21T12:46:01 IST" skipped="0">
  <testcase classname="Sprint_11_Negative.Schemes_FmsUsersModules" name="SchemesNegative" time="593.866"/>
  <system-out/>
</testsuite> <!-- Sprint_11_Negative.Schemes_FmsUsersModules -->
