<?xml version="1.0" encoding="UTF-8"?>
<!-- Generated by org.testng.reporters.JUnitReportReporter -->
<testsuite hostname="DESKTOP-Ayesha" failures="0" tests="1" name="Sprint_6_Positive_Negative.a_DashboardAllActions" time="52.723" errors="0" timestamp="2024-09-12T11:48:12 IST" skipped="0">
  <testcase classname="Sprint_6_Positive_Negative.a_DashboardAllActions" name="dashboardTransactionReportsTest" time="52.723"/>
  <system-out/>
</testsuite> <!-- Sprint_6_Positive_Negative.a_DashboardAllActions -->
