<?xml version="1.0" encoding="UTF-8"?>
<!-- Generated by org.testng.reporters.JUnitReportReporter -->
<testsuite hostname="DESKTOP-Ayesha" failures="0" tests="1" name="sprint_3_Negative.A_E_Commerce_LoginErrors" time="24.463" errors="0" timestamp="2024-09-02T14:18:42 IST" skipped="0">
  <testcase classname="sprint_3_Negative.A_E_Commerce_LoginErrors" name="a_loginWithInvalidCredentialsErrorTest" time="24.463"/>
  <system-out/>
</testsuite> <!-- sprint_3_Negative.A_E_Commerce_LoginErrors -->
