<?xml version="1.0" encoding="UTF-8"?>
<!-- Generated by org.testng.reporters.JUnitReportReporter -->
<testsuite hostname="DESKTOP-Ayesha" failures="0" tests="1" name="Sprint_9_Positive.GoldPrices" time="356.402" errors="0" timestamp="2024-08-31T17:13:36 IST" skipped="0">
  <testcase classname="Sprint_9_Positive.GoldPrices" name="GoldPrices" time="356.402"/>
  <system-out/>
</testsuite> <!-- Sprint_9_Positive.GoldPrices -->
